[1126/203205.898:ERROR:process_info.cc(359)] UncheckedAllocate
[1126/203206.014:ERROR:process_memory_win.cc(73)] ReadMemory at 0x8dd9fe000 of 8192 bytes failed: Only part of a ReadProcessMemory or WriteProcessMemory request was completed. (0x12B)
[1126/203206.021:ERROR:process_memory_win.cc(73)] ReadMemory at 0x8de1fd000 of 12288 bytes failed: Only part of a ReadProcessMemory or WriteProcessMemory request was completed. (0x12B)
[1126/203206.022:ERROR:process_memory_win.cc(73)] ReadMemory at 0x8de9fe000 of 8192 bytes failed: Only part of a ReadProcessMemory or WriteProcessMemory request was completed. (0x12B)
[1126/203206.023:ERROR:process_memory_win.cc(73)] ReadMemory at 0x8df1fe000 of 8192 bytes failed: Only part of a ReadProcessMemory or WriteProcessMemory request was completed. (0x12B)
[1126/203206.117:ERROR:process_memory_win.cc(73)] ReadMemory at 0x8df9fd000 of 12288 bytes failed: Only part of a ReadProcessMemory or WriteProcessMemory request was completed. (0x12B)
[1126/203206.117:ERROR:process_memory_win.cc(73)] ReadMemory at 0x8e01ff000 of 4096 bytes failed: Only part of a ReadProcessMemory or WriteProcessMemory request was completed. (0x12B)
[1126/203206.117:ERROR:process_memory_win.cc(73)] ReadMemory at 0x8e09fe000 of 8192 bytes failed: Only part of a ReadProcessMemory or WriteProcessMemory request was completed. (0x12B)
[1126/203206.117:ERROR:process_memory_win.cc(73)] ReadMemory at 0x8e11fe000 of 8192 bytes failed: Only part of a ReadProcessMemory or WriteProcessMemory request was completed. (0x12B)
[1126/203206.117:ERROR:process_memory_win.cc(73)] ReadMemory at 0x8e19fe000 of 8192 bytes failed: Only part of a ReadProcessMemory or WriteProcessMemory request was completed. (0x12B)
[1126/203206.118:ERROR:process_memory_win.cc(73)] ReadMemory at 0x8e21fe000 of 8192 bytes failed: Only part of a ReadProcessMemory or WriteProcessMemory request was completed. (0x12B)
[1126/203206.118:ERROR:process_memory_win.cc(73)] ReadMemory at 0x8e29fe000 of 8192 bytes failed: Only part of a ReadProcessMemory or WriteProcessMemory request was completed. (0x12B)
[1126/203206.118:ERROR:process_memory_win.cc(73)] ReadMemory at 0x8e31fe000 of 8192 bytes failed: Only part of a ReadProcessMemory or WriteProcessMemory request was completed. (0x12B)
[1126/203206.118:ERROR:process_memory_win.cc(73)] ReadMemory at 0x8e39fe000 of 8192 bytes failed: Only part of a ReadProcessMemory or WriteProcessMemory request was completed. (0x12B)
[1126/203206.119:ERROR:process_memory_win.cc(73)] ReadMemory at 0x8dc8dc000 of 852 bytes failed: Only part of a ReadProcessMemory or WriteProcessMemory request was completed. (0x12B)
[1126/203206.119:ERROR:process_memory_win.cc(73)] ReadMemory at 0x8dc8dd000 of 6024 bytes failed: Only part of a ReadProcessMemory or WriteProcessMemory request was completed. (0x12B)
[1126/203206.119:ERROR:process_memory_win.cc(73)] ReadMemory at 0x8dc8df000 of 6024 bytes failed: Only part of a ReadProcessMemory or WriteProcessMemory request was completed. (0x12B)
[1126/203206.120:ERROR:process_memory_win.cc(73)] ReadMemory at 0x8dc8e1000 of 6024 bytes failed: Only part of a ReadProcessMemory or WriteProcessMemory request was completed. (0x12B)
[1126/203206.120:ERROR:process_memory_win.cc(73)] ReadMemory at 0x8dc8e3000 of 6024 bytes failed: Only part of a ReadProcessMemory or WriteProcessMemory request was completed. (0x12B)
[1126/203206.120:ERROR:process_memory_win.cc(73)] ReadMemory at 0x8dc8e5000 of 6024 bytes failed: Only part of a ReadProcessMemory or WriteProcessMemory request was completed. (0x12B)
[1126/203206.120:ERROR:process_memory_win.cc(73)] ReadMemory at 0x8dc8e7000 of 6024 bytes failed: Only part of a ReadProcessMemory or WriteProcessMemory request was completed. (0x12B)
[1126/203206.120:ERROR:process_memory_win.cc(73)] ReadMemory at 0x8dc8e9000 of 6024 bytes failed: Only part of a ReadProcessMemory or WriteProcessMemory request was completed. (0x12B)
[1126/203206.121:ERROR:process_memory_win.cc(73)] ReadMemory at 0x8dc8eb000 of 6024 bytes failed: Only part of a ReadProcessMemory or WriteProcessMemory request was completed. (0x12B)
[1126/203206.121:ERROR:process_memory_win.cc(73)] ReadMemory at 0x8dc8ed000 of 6024 bytes failed: Only part of a ReadProcessMemory or WriteProcessMemory request was completed. (0x12B)
[1126/203206.121:ERROR:process_memory_win.cc(73)] ReadMemory at 0x8dc8ef000 of 6024 bytes failed: Only part of a ReadProcessMemory or WriteProcessMemory request was completed. (0x12B)
[1126/203206.121:ERROR:process_memory_win.cc(73)] ReadMemory at 0x8dc8f1000 of 6024 bytes failed: Only part of a ReadProcessMemory or WriteProcessMemory request was completed. (0x12B)
[1126/203206.123:ERROR:process_memory_win.cc(73)] ReadMemory at 0x8dc8f3000 of 6024 bytes failed: Only part of a ReadProcessMemory or WriteProcessMemory request was completed. (0x12B)
[1126/203206.124:ERROR:process_memory_win.cc(73)] ReadMemory at 0x8dc8f5000 of 6024 bytes failed: Only part of a ReadProcessMemory or WriteProcessMemory request was completed. (0x12B)
[1126/203206.124:ERROR:process_memory_win.cc(73)] ReadMemory at 0x8dc8f7000 of 6024 bytes failed: Only part of a ReadProcessMemory or WriteProcessMemory request was completed. (0x12B)
[1126/203206.124:ERROR:process_memory_win.cc(73)] ReadMemory at 0x1a10187bf60 of 512 bytes failed: Only part of a ReadProcessMemory or WriteProcessMemory request was completed. (0x12B)
[1126/203206.146:ERROR:process_memory_win.cc(73)] ReadMemory at 0x1a1018880f0 of 992 bytes failed: Only part of a ReadProcessMemory or WriteProcessMemory request was completed. (0x12B)
[1126/203206.147:ERROR:process_memory_win.cc(73)] ReadMemory at 0x1a101888530 of 512 bytes failed: Only part of a ReadProcessMemory or WriteProcessMemory request was completed. (0x12B)
[1126/203206.147:ERROR:process_memory_win.cc(73)] ReadMemory at 0x1a1018e54d0 of 512 bytes failed: Only part of a ReadProcessMemory or WriteProcessMemory request was completed. (0x12B)
[1126/203206.147:ERROR:process_memory_win.cc(73)] ReadMemory at 0x1a178cf0860 of 4708 bytes failed: Only part of a ReadProcessMemory or WriteProcessMemory request was completed. (0x12B)
[1126/203206.147:ERROR:process_memory_win.cc(73)] ReadMemory at 0x1a178cf1ad0 of 1012 bytes failed: Only part of a ReadProcessMemory or WriteProcessMemory request was completed. (0x12B)
[1126/203206.147:ERROR:process_memory_win.cc(73)] ReadMemory at 0x1a178cf20e8 of 106 bytes failed: Only part of a ReadProcessMemory or WriteProcessMemory request was completed. (0x12B)
[1126/203206.147:ERROR:process_memory_win.cc(73)] ReadMemory at 0x1a178cf2154 of 1204 bytes failed: Only part of a ReadProcessMemory or WriteProcessMemory request was completed. (0x12B)
[1126/203206.148:ERROR:process_memory_win.cc(73)] ReadMemory at 0x1a178cf260a of 106 bytes failed: Only part of a ReadProcessMemory or WriteProcessMemory request was completed. (0x12B)
[1126/203206.148:ERROR:process_memory_win.cc(73)] ReadMemory at 0x1a178cf2676 of 98 bytes failed: Only part of a ReadProcessMemory or WriteProcessMemory request was completed. (0x12B)
[1126/203206.148:ERROR:process_memory_win.cc(73)] ReadMemory at 0x1a178cf26f0 of 58 bytes failed: Only part of a ReadProcessMemory or WriteProcessMemory request was completed. (0x12B)
[1126/203206.172:ERROR:process_memory_win.cc(73)] ReadMemory at 0x1a178cf27f0 of 132 bytes failed: Only part of a ReadProcessMemory or WriteProcessMemory request was completed. (0x12B)
[1126/203206.172:ERROR:process_memory_win.cc(73)] ReadMemory at 0x1a178cf2970 of 132 bytes failed: Only part of a ReadProcessMemory or WriteProcessMemory request was completed. (0x12B)
[1126/203206.173:ERROR:process_memory_win.cc(73)] ReadMemory at 0x1a178cf2b20 of 112 bytes failed: Only part of a ReadProcessMemory or WriteProcessMemory request was completed. (0x12B)
[1126/203206.173:ERROR:process_memory_win.cc(73)] ReadMemory at 0x1a178cf2ff0 of 132 bytes failed: Only part of a ReadProcessMemory or WriteProcessMemory request was completed. (0x12B)
[1126/203206.198:ERROR:process_memory_win.cc(73)] ReadMemory at 0x1a178cf3170 of 64 bytes failed: Only part of a ReadProcessMemory or WriteProcessMemory request was completed. (0x12B)
[1126/203206.198:ERROR:process_memory_win.cc(73)] ReadMemory at 0x1a178cf34c0 of 132 bytes failed: Only part of a ReadProcessMemory or WriteProcessMemory request was completed. (0x12B)
[1126/203206.201:ERROR:process_memory_win.cc(73)] ReadMemory at 0x1a178cf3640 of 68 bytes failed: Only part of a ReadProcessMemory or WriteProcessMemory request was completed. (0x12B)
[1126/203206.202:ERROR:process_memory_win.cc(73)] ReadMemory at 0x1a178cf4820 of 132 bytes failed: Only part of a ReadProcessMemory or WriteProcessMemory request was completed. (0x12B)
[1126/203206.202:ERROR:process_memory_win.cc(73)] ReadMemory at 0x1a178cf4a00 of 132 bytes failed: Only part of a ReadProcessMemory or WriteProcessMemory request was completed. (0x12B)
[1126/203206.202:ERROR:process_memory_win.cc(73)] ReadMemory at 0x1a178cf4b20 of 140 bytes failed: Only part of a ReadProcessMemory or WriteProcessMemory request was completed. (0x12B)
[1126/203206.202:ERROR:process_memory_win.cc(73)] ReadMemory at 0x1a178cf5850 of 62 bytes failed: Only part of a ReadProcessMemory or WriteProcessMemory request was completed. (0x12B)
[1126/203206.204:ERROR:process_memory_win.cc(73)] ReadMemory at 0x1a178cf5960 of 132 bytes failed: Only part of a ReadProcessMemory or WriteProcessMemory request was completed. (0x12B)
[1126/203206.205:ERROR:process_memory_win.cc(73)] ReadMemory at 0x1a178cf5ae0 of 60 bytes failed: Only part of a ReadProcessMemory or WriteProcessMemory request was completed. (0x12B)
[1126/203206.205:ERROR:process_memory_win.cc(73)] ReadMemory at 0x1a178cfdfa0 of 60 bytes failed: Only part of a ReadProcessMemory or WriteProcessMemory request was completed. (0x12B)
[1126/203206.205:ERROR:process_memory_win.cc(73)] ReadMemory at 0x1a178cfe040 of 62 bytes failed: Only part of a ReadProcessMemory or WriteProcessMemory request was completed. (0x12B)
[1126/203206.206:ERROR:process_memory_win.cc(73)] ReadMemory at 0x1a178cfe220 of 62 bytes failed: Only part of a ReadProcessMemory or WriteProcessMemory request was completed. (0x12B)
[1126/203206.228:ERROR:process_memory_win.cc(73)] ReadMemory at 0x1a178cfe270 of 60 bytes failed: Only part of a ReadProcessMemory or WriteProcessMemory request was completed. (0x12B)
[1126/203206.228:ERROR:process_memory_win.cc(73)] ReadMemory at 0x1a178cfe2c0 of 64 bytes failed: Only part of a ReadProcessMemory or WriteProcessMemory request was completed. (0x12B)
[1126/203206.228:ERROR:process_memory_win.cc(73)] ReadMemory at 0x1a178cfe360 of 62 bytes failed: Only part of a ReadProcessMemory or WriteProcessMemory request was completed. (0x12B)
[1126/203206.228:ERROR:process_memory_win.cc(73)] ReadMemory at 0x1a178cfe450 of 64 bytes failed: Only part of a ReadProcessMemory or WriteProcessMemory request was completed. (0x12B)
[1126/203206.228:ERROR:process_memory_win.cc(73)] ReadMemory at 0x1a178cfe540 of 64 bytes failed: Only part of a ReadProcessMemory or WriteProcessMemory request was completed. (0x12B)
[1126/203206.229:ERROR:process_memory_win.cc(73)] ReadMemory at 0x1a178cfe590 of 60 bytes failed: Only part of a ReadProcessMemory or WriteProcessMemory request was completed. (0x12B)
[1126/203206.229:ERROR:process_memory_win.cc(73)] ReadMemory at 0x1a178cfe5e0 of 62 bytes failed: Only part of a ReadProcessMemory or WriteProcessMemory request was completed. (0x12B)
[1126/203206.229:ERROR:process_memory_win.cc(73)] ReadMemory at 0x1a178cfe630 of 64 bytes failed: Only part of a ReadProcessMemory or WriteProcessMemory request was completed. (0x12B)
[1126/203206.253:ERROR:process_memory_win.cc(73)] ReadMemory at 0x1a178cfe680 of 58 bytes failed: Only part of a ReadProcessMemory or WriteProcessMemory request was completed. (0x12B)
[1126/203206.254:ERROR:process_memory_win.cc(73)] ReadMemory at 0x1a178cfebd0 of 80 bytes failed: Only part of a ReadProcessMemory or WriteProcessMemory request was completed. (0x12B)
[1126/203206.254:ERROR:process_memory_win.cc(73)] ReadMemory at 0x1a178cfee70 of 80 bytes failed: Only part of a ReadProcessMemory or WriteProcessMemory request was completed. (0x12B)
[1126/203206.255:ERROR:process_memory_win.cc(73)] ReadMemory at 0x1a178d01a40 of 54 bytes failed: Only part of a ReadProcessMemory or WriteProcessMemory request was completed. (0x12B)
[1126/203206.255:ERROR:process_memory_win.cc(73)] ReadMemory at 0x1a178d03270 of 132 bytes failed: Only part of a ReadProcessMemory or WriteProcessMemory request was completed. (0x12B)
[1126/203206.298:ERROR:process_memory_win.cc(73)] ReadMemory at 0x1a178d03490 of 132 bytes failed: Only part of a ReadProcessMemory or WriteProcessMemory request was completed. (0x12B)
[1126/203206.299:ERROR:process_memory_win.cc(73)] ReadMemory at 0x1a178d036e0 of 132 bytes failed: Only part of a ReadProcessMemory or WriteProcessMemory request was completed. (0x12B)
[1126/203206.300:ERROR:process_memory_win.cc(73)] ReadMemory at 0x1a178d03780 of 132 bytes failed: Only part of a ReadProcessMemory or WriteProcessMemory request was completed. (0x12B)
[1126/203206.301:ERROR:process_memory_win.cc(73)] ReadMemory at 0x1a178d04c00 of 132 bytes failed: Only part of a ReadProcessMemory or WriteProcessMemory request was completed. (0x12B)
[1126/203206.301:ERROR:process_memory_win.cc(73)] ReadMemory at 0x1a178d063b0 of 132 bytes failed: Only part of a ReadProcessMemory or WriteProcessMemory request was completed. (0x12B)
[1126/203206.301:ERROR:process_memory_win.cc(73)] ReadMemory at 0x1a178d064d0 of 132 bytes failed: Only part of a ReadProcessMemory or WriteProcessMemory request was completed. (0x12B)
[1126/203206.302:ERROR:process_memory_win.cc(73)] ReadMemory at 0x1a178d066f0 of 132 bytes failed: Only part of a ReadProcessMemory or WriteProcessMemory request was completed. (0x12B)
[1126/203206.302:ERROR:process_memory_win.cc(73)] ReadMemory at 0x1a178d06810 of 132 bytes failed: Only part of a ReadProcessMemory or WriteProcessMemory request was completed. (0x12B)
[1126/203206.302:ERROR:process_memory_win.cc(73)] ReadMemory at 0x1a178d0bbb0 of 132 bytes failed: Only part of a ReadProcessMemory or WriteProcessMemory request was completed. (0x12B)
[1126/203206.302:ERROR:process_memory_win.cc(73)] ReadMemory at 0x1a178d0bf80 of 132 bytes failed: Only part of a ReadProcessMemory or WriteProcessMemory request was completed. (0x12B)
[1126/203206.302:ERROR:process_memory_win.cc(73)] ReadMemory at 0x1a178d0c0f0 of 132 bytes failed: Only part of a ReadProcessMemory or WriteProcessMemory request was completed. (0x12B)
[1126/203206.353:ERROR:process_memory_win.cc(73)] ReadMemory at 0x1a178d0c210 of 132 bytes failed: Only part of a ReadProcessMemory or WriteProcessMemory request was completed. (0x12B)
[1126/203206.353:ERROR:process_memory_win.cc(73)] ReadMemory at 0x1a178d0c330 of 132 bytes failed: Only part of a ReadProcessMemory or WriteProcessMemory request was completed. (0x12B)
[1126/203206.353:ERROR:process_memory_win.cc(73)] ReadMemory at 0x1a178d0c450 of 132 bytes failed: Only part of a ReadProcessMemory or WriteProcessMemory request was completed. (0x12B)
[1126/203206.354:ERROR:process_memory_win.cc(73)] ReadMemory at 0x1a178d0c690 of 132 bytes failed: Only part of a ReadProcessMemory or WriteProcessMemory request was completed. (0x12B)
[1126/203206.354:ERROR:process_memory_win.cc(73)] ReadMemory at 0x1a178d0c7b0 of 132 bytes failed: Only part of a ReadProcessMemory or WriteProcessMemory request was completed. (0x12B)
[1126/203206.354:ERROR:process_memory_win.cc(73)] ReadMemory at 0x1a178d0c8d0 of 132 bytes failed: Only part of a ReadProcessMemory or WriteProcessMemory request was completed. (0x12B)
[1126/203206.354:ERROR:process_memory_win.cc(73)] ReadMemory at 0x1a178d0c9f0 of 132 bytes failed: Only part of a ReadProcessMemory or WriteProcessMemory request was completed. (0x12B)
[1126/203206.354:ERROR:process_memory_win.cc(73)] ReadMemory at 0x1a178d0cb10 of 132 bytes failed: Only part of a ReadProcessMemory or WriteProcessMemory request was completed. (0x12B)
[1126/203206.355:ERROR:process_memory_win.cc(73)] ReadMemory at 0x1a178d0cc30 of 132 bytes failed: Only part of a ReadProcessMemory or WriteProcessMemory request was completed. (0x12B)
[1126/203206.355:ERROR:process_memory_win.cc(73)] ReadMemory at 0x1a178d0cd50 of 132 bytes failed: Only part of a ReadProcessMemory or WriteProcessMemory request was completed. (0x12B)
[1126/203206.355:ERROR:process_memory_win.cc(73)] ReadMemory at 0x1a178d0dd50 of 132 bytes failed: Only part of a ReadProcessMemory or WriteProcessMemory request was completed. (0x12B)
[1126/203206.355:ERROR:process_memory_win.cc(73)] ReadMemory at 0x1a178d0e2f0 of 132 bytes failed: Only part of a ReadProcessMemory or WriteProcessMemory request was completed. (0x12B)
[1126/203206.405:ERROR:process_memory_win.cc(73)] ReadMemory at 0x1a178d0e410 of 132 bytes failed: Only part of a ReadProcessMemory or WriteProcessMemory request was completed. (0x12B)
[1126/203206.405:ERROR:process_memory_win.cc(73)] ReadMemory at 0x1a178d0e650 of 132 bytes failed: Only part of a ReadProcessMemory or WriteProcessMemory request was completed. (0x12B)
[1126/203206.405:ERROR:process_memory_win.cc(73)] ReadMemory at 0x1a178d0e770 of 132 bytes failed: Only part of a ReadProcessMemory or WriteProcessMemory request was completed. (0x12B)
[1126/203206.405:ERROR:process_memory_win.cc(73)] ReadMemory at 0x1a178d0ebf0 of 132 bytes failed: Only part of a ReadProcessMemory or WriteProcessMemory request was completed. (0x12B)
[1126/203206.406:ERROR:process_memory_win.cc(73)] ReadMemory at 0x1a178d0ed10 of 132 bytes failed: Only part of a ReadProcessMemory or WriteProcessMemory request was completed. (0x12B)
[1126/203206.406:ERROR:process_memory_win.cc(73)] ReadMemory at 0x1a178d0f070 of 132 bytes failed: Only part of a ReadProcessMemory or WriteProcessMemory request was completed. (0x12B)
[1126/203206.428:ERROR:process_memory_win.cc(73)] ReadMemory at 0x1a178d0f4f0 of 132 bytes failed: Only part of a ReadProcessMemory or WriteProcessMemory request was completed. (0x12B)
[1126/203206.429:ERROR:process_memory_win.cc(73)] ReadMemory at 0x1a178d0f610 of 132 bytes failed: Only part of a ReadProcessMemory or WriteProcessMemory request was completed. (0x12B)
[1126/203206.429:ERROR:process_memory_win.cc(73)] ReadMemory at 0x1a178d0f730 of 132 bytes failed: Only part of a ReadProcessMemory or WriteProcessMemory request was completed. (0x12B)
[1126/203206.429:ERROR:process_memory_win.cc(73)] ReadMemory at 0x1a178d0f850 of 132 bytes failed: Only part of a ReadProcessMemory or WriteProcessMemory request was completed. (0x12B)
[1126/203206.429:ERROR:process_memory_win.cc(73)] ReadMemory at 0x1a178d0f970 of 132 bytes failed: Only part of a ReadProcessMemory or WriteProcessMemory request was completed. (0x12B)
[1126/203206.429:ERROR:process_memory_win.cc(73)] ReadMemory at 0x1a178d0fa90 of 132 bytes failed: Only part of a ReadProcessMemory or WriteProcessMemory request was completed. (0x12B)
[1126/203206.429:ERROR:process_memory_win.cc(73)] ReadMemory at 0x1a178d0fbb0 of 132 bytes failed: Only part of a ReadProcessMemory or WriteProcessMemory request was completed. (0x12B)
[1126/203206.430:ERROR:process_memory_win.cc(73)] ReadMemory at 0x1a178d0fd60 of 62 bytes failed: Only part of a ReadProcessMemory or WriteProcessMemory request was completed. (0x12B)
[1126/203206.430:ERROR:process_memory_win.cc(73)] ReadMemory at 0x1a178d0fdb0 of 66 bytes failed: Only part of a ReadProcessMemory or WriteProcessMemory request was completed. (0x12B)
[1126/203206.430:ERROR:process_memory_win.cc(73)] ReadMemory at 0x1a178d10030 of 60 bytes failed: Only part of a ReadProcessMemory or WriteProcessMemory request was completed. (0x12B)
[1126/203206.431:ERROR:process_memory_win.cc(73)] ReadMemory at 0x1a178d10170 of 62 bytes failed: Only part of a ReadProcessMemory or WriteProcessMemory request was completed. (0x12B)
[1126/203206.431:ERROR:process_memory_win.cc(73)] ReadMemory at 0x1a178d10210 of 64 bytes failed: Only part of a ReadProcessMemory or WriteProcessMemory request was completed. (0x12B)
[1126/203206.431:ERROR:process_memory_win.cc(73)] ReadMemory at 0x1a178d10260 of 58 bytes failed: Only part of a ReadProcessMemory or WriteProcessMemory request was completed. (0x12B)
[1126/203206.431:ERROR:process_memory_win.cc(73)] ReadMemory at 0x1a178d10350 of 60 bytes failed: Only part of a ReadProcessMemory or WriteProcessMemory request was completed. (0x12B)
[1126/203206.431:ERROR:process_memory_win.cc(73)] ReadMemory at 0x1a178d103a0 of 62 bytes failed: Only part of a ReadProcessMemory or WriteProcessMemory request was completed. (0x12B)
[1126/203206.432:ERROR:process_memory_win.cc(73)] ReadMemory at 0x1a178d10490 of 62 bytes failed: Only part of a ReadProcessMemory or WriteProcessMemory request was completed. (0x12B)
[1126/203206.432:ERROR:process_memory_win.cc(73)] ReadMemory at 0x1a178d10530 of 64 bytes failed: Only part of a ReadProcessMemory or WriteProcessMemory request was completed. (0x12B)
[1126/203206.432:ERROR:process_memory_win.cc(73)] ReadMemory at 0x1a178d10580 of 64 bytes failed: Only part of a ReadProcessMemory or WriteProcessMemory request was completed. (0x12B)
[1126/203206.432:ERROR:process_memory_win.cc(73)] ReadMemory at 0x1a178d10670 of 60 bytes failed: Only part of a ReadProcessMemory or WriteProcessMemory request was completed. (0x12B)
[1126/203206.433:ERROR:process_memory_win.cc(73)] ReadMemory at 0x1a178d10a30 of 58 bytes failed: Only part of a ReadProcessMemory or WriteProcessMemory request was completed. (0x12B)
[1126/203206.434:ERROR:process_memory_win.cc(73)] ReadMemory at 0x1a178d10a80 of 62 bytes failed: Only part of a ReadProcessMemory or WriteProcessMemory request was completed. (0x12B)
[1126/203206.434:ERROR:process_memory_win.cc(73)] ReadMemory at 0x1a178d11a50 of 78 bytes failed: Only part of a ReadProcessMemory or WriteProcessMemory request was completed. (0x12B)
[1126/203206.434:ERROR:process_memory_win.cc(73)] ReadMemory at 0x1a178d11c90 of 76 bytes failed: Only part of a ReadProcessMemory or WriteProcessMemory request was completed. (0x12B)
[1126/203206.435:ERROR:process_memory_win.cc(73)] ReadMemory at 0x1a178d26680 of 62 bytes failed: Only part of a ReadProcessMemory or WriteProcessMemory request was completed. (0x12B)
[1126/203206.435:ERROR:process_memory_win.cc(73)] ReadMemory at 0x1a178d270d0 of 60 bytes failed: Only part of a ReadProcessMemory or WriteProcessMemory request was completed. (0x12B)
[1126/203206.435:ERROR:process_memory_win.cc(73)] ReadMemory at 0x1a178d272b0 of 62 bytes failed: Only part of a ReadProcessMemory or WriteProcessMemory request was completed. (0x12B)
[1126/203206.435:ERROR:process_memory_win.cc(73)] ReadMemory at 0x1a178d273a0 of 64 bytes failed: Only part of a ReadProcessMemory or WriteProcessMemory request was completed. (0x12B)
[1126/203206.436:ERROR:process_memory_win.cc(73)] ReadMemory at 0x1a178d3d6e0 of 512 bytes failed: Only part of a ReadProcessMemory or WriteProcessMemory request was completed. (0x12B)
[1126/203206.436:ERROR:process_memory_win.cc(73)] ReadMemory at 0x1a178d4f270 of 640 bytes failed: Only part of a ReadProcessMemory or WriteProcessMemory request was completed. (0x12B)
[1126/203206.436:ERROR:process_memory_win.cc(73)] ReadMemory at 0x1a178d4fff0 of 512 bytes failed: Only part of a ReadProcessMemory or WriteProcessMemory request was completed. (0x12B)
[1126/203206.436:ERROR:process_memory_win.cc(73)] ReadMemory at 0x1a178d5bcf0 of 608 bytes failed: Only part of a ReadProcessMemory or WriteProcessMemory request was completed. (0x12B)
[1126/203206.436:ERROR:process_memory_win.cc(73)] ReadMemory at 0x1a178d5f850 of 512 bytes failed: Only part of a ReadProcessMemory or WriteProcessMemory request was completed. (0x12B)
[1126/203206.437:ERROR:process_memory_win.cc(73)] ReadMemory at 0x1a178d61308 of 512 bytes failed: Only part of a ReadProcessMemory or WriteProcessMemory request was completed. (0x12B)
[1126/203206.437:ERROR:process_memory_win.cc(73)] ReadMemory at 0x1a178d64ff0 of 512 bytes failed: Only part of a ReadProcessMemory or WriteProcessMemory request was completed. (0x12B)
[1126/203206.437:ERROR:process_memory_win.cc(73)] ReadMemory at 0x1a178d70f20 of 712 bytes failed: Only part of a ReadProcessMemory or WriteProcessMemory request was completed. (0x12B)
[1126/203206.437:ERROR:process_memory_win.cc(73)] ReadMemory at 0x1a178d71658 of 512 bytes failed: Only part of a ReadProcessMemory or WriteProcessMemory request was completed. (0x12B)
[1126/203206.438:ERROR:process_memory_win.cc(73)] ReadMemory at 0x1a178d75430 of 512 bytes failed: Only part of a ReadProcessMemory or WriteProcessMemory request was completed. (0x12B)
[1126/203206.438:ERROR:process_memory_win.cc(73)] ReadMemory at 0x1a178d854f0 of 512 bytes failed: Only part of a ReadProcessMemory or WriteProcessMemory request was completed. (0x12B)
[1126/203206.445:ERROR:process_memory_win.cc(73)] ReadMemory at 0x1a178d8c450 of 512 bytes failed: Only part of a ReadProcessMemory or WriteProcessMemory request was completed. (0x12B)
[1126/203206.446:ERROR:process_memory_win.cc(73)] ReadMemory at 0x1a178d92c20 of 512 bytes failed: Only part of a ReadProcessMemory or WriteProcessMemory request was completed. (0x12B)
[1126/203206.446:ERROR:process_memory_win.cc(73)] ReadMemory at 0x1a178d93980 of 512 bytes failed: Only part of a ReadProcessMemory or WriteProcessMemory request was completed. (0x12B)
[1126/203206.446:ERROR:process_memory_win.cc(73)] ReadMemory at 0x1a178d98840 of 512 bytes failed: Only part of a ReadProcessMemory or WriteProcessMemory request was completed. (0x12B)
[1126/203206.446:ERROR:process_memory_win.cc(73)] ReadMemory at 0x1a178dbbda0 of 512 bytes failed: Only part of a ReadProcessMemory or WriteProcessMemory request was completed. (0x12B)
[1126/203206.447:ERROR:process_memory_win.cc(73)] ReadMemory at 0x1a178dbd4e0 of 512 bytes failed: Only part of a ReadProcessMemory or WriteProcessMemory request was completed. (0x12B)
[1126/203206.447:ERROR:process_memory_win.cc(73)] ReadMemory at 0x1a178dcade0 of 512 bytes failed: Only part of a ReadProcessMemory or WriteProcessMemory request was completed. (0x12B)
[1126/203206.447:ERROR:process_memory_win.cc(73)] ReadMemory at 0x651ab8607fe0 of 512 bytes failed: Only part of a ReadProcessMemory or WriteProcessMemory request was completed. (0x12B)
[1126/203206.447:ERROR:process_memory_win.cc(73)] ReadMemory at 0x651ab864c700 of 512 bytes failed: Only part of a ReadProcessMemory or WriteProcessMemory request was completed. (0x12B)
[1126/203206.447:ERROR:process_memory_win.cc(73)] ReadMemory at 0x7ffe3f1036d0 of 512 bytes failed: Only part of a ReadProcessMemory or WriteProcessMemory request was completed. (0x12B)
[1126/203206.448:ERROR:process_memory_win.cc(73)] ReadMemory at 0x7ffe446c3950 of 608 bytes failed: Only part of a ReadProcessMemory or WriteProcessMemory request was completed. (0x12B)
[1126/203206.470:ERROR:process_memory_win.cc(73)] ReadMemory at 0x7ffe54b4e620 of 512 bytes failed: Only part of a ReadProcessMemory or WriteProcessMemory request was completed. (0x12B)
[1126/203206.470:ERROR:process_memory_win.cc(73)] ReadMemory at 0x7ffe77f50000 of 384 bytes failed: Only part of a ReadProcessMemory or WriteProcessMemory request was completed. (0x12B)
[1126/203206.471:ERROR:process_memory_win.cc(73)] ReadMemory at 0x7ffe78301ea8 of 512 bytes failed: Only part of a ReadProcessMemory or WriteProcessMemory request was completed. (0x12B)
[1126/203206.471:ERROR:process_memory_win.cc(73)] ReadMemory at 0x7ffe7927d7c0 of 512 bytes failed: Only part of a ReadProcessMemory or WriteProcessMemory request was completed. (0x12B)
[1126/203206.472:ERROR:process_memory_win.cc(73)] ReadMemory at 0x7ffe7ba19a70 of 512 bytes failed: Only part of a ReadProcessMemory or WriteProcessMemory request was completed. (0x12B)
[1126/203206.472:ERROR:process_memory_win.cc(73)] ReadMemory at 0x7ffe7ba3e0b0 of 512 bytes failed: Only part of a ReadProcessMemory or WriteProcessMemory request was completed. (0x12B)
[1126/203206.472:ERROR:process_memory_win.cc(73)] ReadMemory at 0x7ffe7bab50d4 of 672 bytes failed: Only part of a ReadProcessMemory or WriteProcessMemory request was completed. (0x12B)
[1126/203206.473:ERROR:process_memory_win.cc(73)] ReadMemory at 0x7ffe7bab56d4 of 512 bytes failed: Only part of a ReadProcessMemory or WriteProcessMemory request was completed. (0x12B)
[1126/203206.473:ERROR:process_memory_win.cc(73)] ReadMemory at 0x7ffe7bab8704 of 608 bytes failed: Only part of a ReadProcessMemory or WriteProcessMemory request was completed. (0x12B)
[1126/203206.474:ERROR:process_memory_win.cc(73)] ReadMemory at 0x7ffe7bb21420 of 18 bytes failed: Only part of a ReadProcessMemory or WriteProcessMemory request was completed. (0x12B)
[1126/203206.474:ERROR:process_memory_win.cc(73)] ReadMemory at 0x7ffe7bb521e0 of 40 bytes failed: Only part of a ReadProcessMemory or WriteProcessMemory request was completed. (0x12B)
[1126/203206.474:ERROR:process_memory_win.cc(73)] ReadMemory at 0x7ffe7bb52d48 of 48 bytes failed: Only part of a ReadProcessMemory or WriteProcessMemory request was completed. (0x12B)
[1126/203206.475:ERROR:process_memory_win.cc(73)] ReadMemory at 0x7ffe7bb55200 of 64 bytes failed: Only part of a ReadProcessMemory or WriteProcessMemory request was completed. (0x12B)
[1126/203206.483:ERROR:file_io_win.cc(162)] CreateFile C:\Users\Deniss\AppData\Local\Temp\scoped_dir4712_957975530\Crashpad\settings.dat: The system cannot find the file specified. (0x2)
[1126/203206.481:ERROR:scoped_process_suspend.cc(40)] NtResumeProcess: An attempt was made to access an exiting process. (0xc000010a)
[1126/203220.520:ERROR:process_info.cc(359)] UncheckedAllocate
[1126/203220.590:ERROR:process_info.cc(359)] UncheckedAllocate
[1126/203220.622:ERROR:filesystem_win.cc(129)] GetFileAttributes C:\Users\Deniss\AppData\Local\Temp\scoped_dir7672_1870635398\Crashpad\attachments\84d4082f-acc3-4a7a-ac87-8975938d5ba3: The system cannot find the path specified. (0x3)
[1126/203226.814:ERROR:process_memory_win.cc(73)] ReadMemory at 0x211fc750860 of 4528 bytes failed: Only part of a ReadProcessMemory or WriteProcessMemory request was completed. (0x12B)
[1126/203226.814:ERROR:process_memory_win.cc(73)] ReadMemory at 0x211fc751a20 of 1012 bytes failed: Only part of a ReadProcessMemory or WriteProcessMemory request was completed. (0x12B)
[1126/203226.814:ERROR:process_memory_win.cc(73)] ReadMemory at 0x211fc752038 of 106 bytes failed: Only part of a ReadProcessMemory or WriteProcessMemory request was completed. (0x12B)
[1126/203226.815:ERROR:process_memory_win.cc(73)] ReadMemory at 0x211fc7520a4 of 1120 bytes failed: Only part of a ReadProcessMemory or WriteProcessMemory request was completed. (0x12B)
[1126/203226.815:ERROR:process_memory_win.cc(73)] ReadMemory at 0x211fc752506 of 106 bytes failed: Only part of a ReadProcessMemory or WriteProcessMemory request was completed. (0x12B)
[1126/203226.815:ERROR:process_memory_win.cc(73)] ReadMemory at 0x211fc752572 of 30 bytes failed: Only part of a ReadProcessMemory or WriteProcessMemory request was completed. (0x12B)
[1126/203226.815:ERROR:process_memory_win.cc(73)] ReadMemory at 0x211fc7525a0 of 58 bytes failed: Only part of a ReadProcessMemory or WriteProcessMemory request was completed. (0x12B)
[1126/203226.815:ERROR:process_memory_win.cc(73)] ReadMemory at 0x211fc7526a0 of 132 bytes failed: Only part of a ReadProcessMemory or WriteProcessMemory request was completed. (0x12B)
[1126/203226.815:ERROR:process_memory_win.cc(73)] ReadMemory at 0x211fc752820 of 132 bytes failed: Only part of a ReadProcessMemory or WriteProcessMemory request was completed. (0x12B)
[1126/203226.815:ERROR:process_memory_win.cc(73)] ReadMemory at 0x211fc752ea0 of 132 bytes failed: Only part of a ReadProcessMemory or WriteProcessMemory request was completed. (0x12B)
[1126/203226.815:ERROR:process_memory_win.cc(73)] ReadMemory at 0x211fc753030 of 64 bytes failed: Only part of a ReadProcessMemory or WriteProcessMemory request was completed. (0x12B)
[1126/203226.815:ERROR:process_memory_win.cc(73)] ReadMemory at 0x211fc753380 of 132 bytes failed: Only part of a ReadProcessMemory or WriteProcessMemory request was completed. (0x12B)
[1126/203226.816:ERROR:process_memory_win.cc(73)] ReadMemory at 0x211fc753500 of 68 bytes failed: Only part of a ReadProcessMemory or WriteProcessMemory request was completed. (0x12B)
[1126/203226.816:ERROR:process_memory_win.cc(73)] ReadMemory at 0x211fc7543c0 of 512 bytes failed: Only part of a ReadProcessMemory or WriteProcessMemory request was completed. (0x12B)
[1126/203226.816:ERROR:process_memory_win.cc(73)] ReadMemory at 0x211fc7546b0 of 132 bytes failed: Only part of a ReadProcessMemory or WriteProcessMemory request was completed. (0x12B)
[1126/203226.816:ERROR:process_memory_win.cc(73)] ReadMemory at 0x211fc754890 of 132 bytes failed: Only part of a ReadProcessMemory or WriteProcessMemory request was completed. (0x12B)
[1126/203226.816:ERROR:process_memory_win.cc(73)] ReadMemory at 0x211fc7549b0 of 140 bytes failed: Only part of a ReadProcessMemory or WriteProcessMemory request was completed. (0x12B)
[1126/203226.816:ERROR:process_memory_win.cc(73)] ReadMemory at 0x211fc7556e0 of 62 bytes failed: Only part of a ReadProcessMemory or WriteProcessMemory request was completed. (0x12B)
[1126/203226.816:ERROR:process_memory_win.cc(73)] ReadMemory at 0x211fc7557f0 of 132 bytes failed: Only part of a ReadProcessMemory or WriteProcessMemory request was completed. (0x12B)
[1126/203226.816:ERROR:process_memory_win.cc(73)] ReadMemory at 0x211fc755970 of 60 bytes failed: Only part of a ReadProcessMemory or WriteProcessMemory request was completed. (0x12B)
[1126/203226.827:ERROR:process_memory_win.cc(73)] ReadMemory at 0x211fc75dfc0 of 60 bytes failed: Only part of a ReadProcessMemory or WriteProcessMemory request was completed. (0x12B)
[1126/203226.828:ERROR:process_memory_win.cc(73)] ReadMemory at 0x211fc75e060 of 60 bytes failed: Only part of a ReadProcessMemory or WriteProcessMemory request was completed. (0x12B)
[1126/203226.828:ERROR:process_memory_win.cc(73)] ReadMemory at 0x211fc75e100 of 64 bytes failed: Only part of a ReadProcessMemory or WriteProcessMemory request was completed. (0x12B)
[1126/203226.829:ERROR:process_memory_win.cc(73)] ReadMemory at 0x211fc75e150 of 62 bytes failed: Only part of a ReadProcessMemory or WriteProcessMemory request was completed. (0x12B)
[1126/203226.829:ERROR:process_memory_win.cc(73)] ReadMemory at 0x211fc75e1a0 of 58 bytes failed: Only part of a ReadProcessMemory or WriteProcessMemory request was completed. (0x12B)
[1126/203226.829:ERROR:process_memory_win.cc(73)] ReadMemory at 0x211fc75e1f0 of 62 bytes failed: Only part of a ReadProcessMemory or WriteProcessMemory request was completed. (0x12B)
[1126/203226.829:ERROR:process_memory_win.cc(73)] ReadMemory at 0x211fc75e240 of 62 bytes failed: Only part of a ReadProcessMemory or WriteProcessMemory request was completed. (0x12B)
[1126/203226.829:ERROR:process_memory_win.cc(73)] ReadMemory at 0x211fc75e4c0 of 60 bytes failed: Only part of a ReadProcessMemory or WriteProcessMemory request was completed. (0x12B)
[1126/203226.829:ERROR:process_memory_win.cc(73)] ReadMemory at 0x211fc75e5b0 of 58 bytes failed: Only part of a ReadProcessMemory or WriteProcessMemory request was completed. (0x12B)
[1126/203226.829:ERROR:process_memory_win.cc(73)] ReadMemory at 0x211fc75e650 of 64 bytes failed: Only part of a ReadProcessMemory or WriteProcessMemory request was completed. (0x12B)
[1126/203226.829:ERROR:process_memory_win.cc(73)] ReadMemory at 0x211fc75e6a0 of 64 bytes failed: Only part of a ReadProcessMemory or WriteProcessMemory request was completed. (0x12B)
[1126/203226.830:ERROR:process_memory_win.cc(73)] ReadMemory at 0x211fc75e6f0 of 60 bytes failed: Only part of a ReadProcessMemory or WriteProcessMemory request was completed. (0x12B)
[1126/203226.830:ERROR:process_memory_win.cc(73)] ReadMemory at 0x211fc761580 of 80 bytes failed: Only part of a ReadProcessMemory or WriteProcessMemory request was completed. (0x12B)
[1126/203226.830:ERROR:process_memory_win.cc(73)] ReadMemory at 0x211fc761930 of 54 bytes failed: Only part of a ReadProcessMemory or WriteProcessMemory request was completed. (0x12B)
[1126/203226.830:ERROR:process_memory_win.cc(73)] ReadMemory at 0x211fc762fa0 of 132 bytes failed: Only part of a ReadProcessMemory or WriteProcessMemory request was completed. (0x12B)
[1126/203226.830:ERROR:process_memory_win.cc(73)] ReadMemory at 0x211fc764090 of 132 bytes failed: Only part of a ReadProcessMemory or WriteProcessMemory request was completed. (0x12B)
[1126/203226.830:ERROR:process_memory_win.cc(73)] ReadMemory at 0x211fc764170 of 132 bytes failed: Only part of a ReadProcessMemory or WriteProcessMemory request was completed. (0x12B)
[1126/203226.830:ERROR:process_memory_win.cc(73)] ReadMemory at 0x211fc7646a0 of 132 bytes failed: Only part of a ReadProcessMemory or WriteProcessMemory request was completed. (0x12B)
[1126/203226.830:ERROR:process_memory_win.cc(73)] ReadMemory at 0x211fc7647c0 of 132 bytes failed: Only part of a ReadProcessMemory or WriteProcessMemory request was completed. (0x12B)
[1126/203226.831:ERROR:process_memory_win.cc(73)] ReadMemory at 0x211fc7648e0 of 132 bytes failed: Only part of a ReadProcessMemory or WriteProcessMemory request was completed. (0x12B)
[1126/203226.831:ERROR:process_memory_win.cc(73)] ReadMemory at 0x211fc766300 of 132 bytes failed: Only part of a ReadProcessMemory or WriteProcessMemory request was completed. (0x12B)
[1126/203226.831:ERROR:process_memory_win.cc(73)] ReadMemory at 0x211fc766650 of 132 bytes failed: Only part of a ReadProcessMemory or WriteProcessMemory request was completed. (0x12B)
[1126/203226.831:ERROR:process_memory_win.cc(73)] ReadMemory at 0x211fc766a80 of 132 bytes failed: Only part of a ReadProcessMemory or WriteProcessMemory request was completed. (0x12B)
[1126/203226.831:ERROR:process_memory_win.cc(73)] ReadMemory at 0x211fc76abd0 of 132 bytes failed: Only part of a ReadProcessMemory or WriteProcessMemory request was completed. (0x12B)
[1126/203226.831:ERROR:process_memory_win.cc(73)] ReadMemory at 0x211fc76adb0 of 132 bytes failed: Only part of a ReadProcessMemory or WriteProcessMemory request was completed. (0x12B)
[1126/203226.832:ERROR:process_memory_win.cc(73)] ReadMemory at 0x211fc76b020 of 132 bytes failed: Only part of a ReadProcessMemory or WriteProcessMemory request was completed. (0x12B)
[1126/203226.832:ERROR:process_memory_win.cc(73)] ReadMemory at 0x211fc76b140 of 132 bytes failed: Only part of a ReadProcessMemory or WriteProcessMemory request was completed. (0x12B)
[1126/203226.833:ERROR:process_memory_win.cc(73)] ReadMemory at 0x211fc76b260 of 132 bytes failed: Only part of a ReadProcessMemory or WriteProcessMemory request was completed. (0x12B)
[1126/203226.834:ERROR:process_memory_win.cc(73)] ReadMemory at 0x211fc76b380 of 132 bytes failed: Only part of a ReadProcessMemory or WriteProcessMemory request was completed. (0x12B)
[1126/203226.835:ERROR:process_memory_win.cc(73)] ReadMemory at 0x211fc76b4a0 of 132 bytes failed: Only part of a ReadProcessMemory or WriteProcessMemory request was completed. (0x12B)
[1126/203226.835:ERROR:process_memory_win.cc(73)] ReadMemory at 0x211fc76b5c0 of 132 bytes failed: Only part of a ReadProcessMemory or WriteProcessMemory request was completed. (0x12B)
[1126/203226.837:ERROR:process_memory_win.cc(73)] ReadMemory at 0x211fc76b6e0 of 132 bytes failed: Only part of a ReadProcessMemory or WriteProcessMemory request was completed. (0x12B)
[1126/203226.837:ERROR:process_memory_win.cc(73)] ReadMemory at 0x211fc76b800 of 132 bytes failed: Only part of a ReadProcessMemory or WriteProcessMemory request was completed. (0x12B)
[1126/203226.838:ERROR:process_memory_win.cc(73)] ReadMemory at 0x211fc76b920 of 132 bytes failed: Only part of a ReadProcessMemory or WriteProcessMemory request was completed. (0x12B)
[1126/203226.838:ERROR:process_memory_win.cc(73)] ReadMemory at 0x211fc76ba40 of 132 bytes failed: Only part of a ReadProcessMemory or WriteProcessMemory request was completed. (0x12B)
[1126/203226.838:ERROR:process_memory_win.cc(73)] ReadMemory at 0x211fc76bb60 of 132 bytes failed: Only part of a ReadProcessMemory or WriteProcessMemory request was completed. (0x12B)
[1126/203226.838:ERROR:process_memory_win.cc(73)] ReadMemory at 0x211fc76bc80 of 132 bytes failed: Only part of a ReadProcessMemory or WriteProcessMemory request was completed. (0x12B)
[1126/203226.838:ERROR:process_memory_win.cc(73)] ReadMemory at 0x211fc76bda0 of 132 bytes failed: Only part of a ReadProcessMemory or WriteProcessMemory request was completed. (0x12B)
[1126/203226.839:ERROR:process_memory_win.cc(73)] ReadMemory at 0x211fc76c090 of 76 bytes failed: Only part of a ReadProcessMemory or WriteProcessMemory request was completed. (0x12B)
[1126/203226.839:ERROR:process_memory_win.cc(73)] ReadMemory at 0x211fc76ccf0 of 78 bytes failed: Only part of a ReadProcessMemory or WriteProcessMemory request was completed. (0x12B)
[1126/203226.839:ERROR:process_memory_win.cc(73)] ReadMemory at 0x211fc76ce10 of 80 bytes failed: Only part of a ReadProcessMemory or WriteProcessMemory request was completed. (0x12B)
[1126/203226.839:ERROR:process_memory_win.cc(73)] ReadMemory at 0x211fc76d690 of 132 bytes failed: Only part of a ReadProcessMemory or WriteProcessMemory request was completed. (0x12B)
[1126/203226.840:ERROR:process_memory_win.cc(73)] ReadMemory at 0x211fc76d7b0 of 132 bytes failed: Only part of a ReadProcessMemory or WriteProcessMemory request was completed. (0x12B)
[1126/203226.840:ERROR:process_memory_win.cc(73)] ReadMemory at 0x211fc76d8d0 of 132 bytes failed: Only part of a ReadProcessMemory or WriteProcessMemory request was completed. (0x12B)
[1126/203226.841:ERROR:process_memory_win.cc(73)] ReadMemory at 0x211fc76d9f0 of 132 bytes failed: Only part of a ReadProcessMemory or WriteProcessMemory request was completed. (0x12B)
[1126/203226.841:ERROR:process_memory_win.cc(73)] ReadMemory at 0x211fc76db10 of 132 bytes failed: Only part of a ReadProcessMemory or WriteProcessMemory request was completed. (0x12B)
[1126/203226.841:ERROR:process_memory_win.cc(73)] ReadMemory at 0x211fc76dc30 of 132 bytes failed: Only part of a ReadProcessMemory or WriteProcessMemory request was completed. (0x12B)
[1126/203226.841:ERROR:process_memory_win.cc(73)] ReadMemory at 0x211fc76dd50 of 132 bytes failed: Only part of a ReadProcessMemory or WriteProcessMemory request was completed. (0x12B)
[1126/203226.855:ERROR:process_memory_win.cc(73)] ReadMemory at 0x211fc76de70 of 132 bytes failed: Only part of a ReadProcessMemory or WriteProcessMemory request was completed. (0x12B)
[1126/203226.858:ERROR:process_memory_win.cc(73)] ReadMemory at 0x211fc76df90 of 132 bytes failed: Only part of a ReadProcessMemory or WriteProcessMemory request was completed. (0x12B)
[1126/203226.858:ERROR:process_memory_win.cc(73)] ReadMemory at 0x211fc76e0b0 of 132 bytes failed: Only part of a ReadProcessMemory or WriteProcessMemory request was completed. (0x12B)
[1126/203226.874:ERROR:process_memory_win.cc(73)] ReadMemory at 0x211fc76e1d0 of 132 bytes failed: Only part of a ReadProcessMemory or WriteProcessMemory request was completed. (0x12B)
[1126/203226.874:ERROR:process_memory_win.cc(73)] ReadMemory at 0x211fc76e2f0 of 132 bytes failed: Only part of a ReadProcessMemory or WriteProcessMemory request was completed. (0x12B)
[1126/203226.874:ERROR:process_memory_win.cc(73)] ReadMemory at 0x211fc76e410 of 132 bytes failed: Only part of a ReadProcessMemory or WriteProcessMemory request was completed. (0x12B)
[1126/203226.874:ERROR:process_memory_win.cc(73)] ReadMemory at 0x211fc76e530 of 132 bytes failed: Only part of a ReadProcessMemory or WriteProcessMemory request was completed. (0x12B)
[1126/203226.875:ERROR:process_memory_win.cc(73)] ReadMemory at 0x211fc76e650 of 132 bytes failed: Only part of a ReadProcessMemory or WriteProcessMemory request was completed. (0x12B)
[1126/203226.875:ERROR:process_memory_win.cc(73)] ReadMemory at 0x211fc76e770 of 132 bytes failed: Only part of a ReadProcessMemory or WriteProcessMemory request was completed. (0x12B)
[1126/203226.880:ERROR:process_memory_win.cc(73)] ReadMemory at 0x211fc76e890 of 132 bytes failed: Only part of a ReadProcessMemory or WriteProcessMemory request was completed. (0x12B)
[1126/203226.880:ERROR:process_memory_win.cc(73)] ReadMemory at 0x211fc76e9b0 of 132 bytes failed: Only part of a ReadProcessMemory or WriteProcessMemory request was completed. (0x12B)
[1126/203226.881:ERROR:process_memory_win.cc(73)] ReadMemory at 0x211fc76ead0 of 132 bytes failed: Only part of a ReadProcessMemory or WriteProcessMemory request was completed. (0x12B)
[1126/203226.881:ERROR:process_memory_win.cc(73)] ReadMemory at 0x211fc76ebf0 of 132 bytes failed: Only part of a ReadProcessMemory or WriteProcessMemory request was completed. (0x12B)
[1126/203226.881:ERROR:process_memory_win.cc(73)] ReadMemory at 0x211fc76ee30 of 132 bytes failed: Only part of a ReadProcessMemory or WriteProcessMemory request was completed. (0x12B)
[1126/203226.888:ERROR:process_memory_win.cc(73)] ReadMemory at 0x211fc76ef50 of 132 bytes failed: Only part of a ReadProcessMemory or WriteProcessMemory request was completed. (0x12B)
[1126/203226.888:ERROR:process_memory_win.cc(73)] ReadMemory at 0x211fc76f070 of 132 bytes failed: Only part of a ReadProcessMemory or WriteProcessMemory request was completed. (0x12B)
[1126/203226.895:ERROR:process_memory_win.cc(73)] ReadMemory at 0x211fc76f190 of 132 bytes failed: Only part of a ReadProcessMemory or WriteProcessMemory request was completed. (0x12B)
[1126/203226.895:ERROR:process_memory_win.cc(73)] ReadMemory at 0x211fc76f2b0 of 132 bytes failed: Only part of a ReadProcessMemory or WriteProcessMemory request was completed. (0x12B)
[1126/203226.896:ERROR:process_memory_win.cc(73)] ReadMemory at 0x211fc76f3d0 of 132 bytes failed: Only part of a ReadProcessMemory or WriteProcessMemory request was completed. (0x12B)
[1126/203226.896:ERROR:process_memory_win.cc(73)] ReadMemory at 0x211fc76f4f0 of 132 bytes failed: Only part of a ReadProcessMemory or WriteProcessMemory request was completed. (0x12B)
[1126/203226.906:ERROR:process_memory_win.cc(73)] ReadMemory at 0x211fc770360 of 62 bytes failed: Only part of a ReadProcessMemory or WriteProcessMemory request was completed. (0x12B)
[1126/203226.906:ERROR:process_memory_win.cc(73)] ReadMemory at 0x211fc770400 of 64 bytes failed: Only part of a ReadProcessMemory or WriteProcessMemory request was completed. (0x12B)
[1126/203226.907:ERROR:process_memory_win.cc(73)] ReadMemory at 0x211fc770630 of 62 bytes failed: Only part of a ReadProcessMemory or WriteProcessMemory request was completed. (0x12B)
[1126/203226.907:ERROR:process_memory_win.cc(73)] ReadMemory at 0x211fc7706d0 of 64 bytes failed: Only part of a ReadProcessMemory or WriteProcessMemory request was completed. (0x12B)
[1126/203226.907:ERROR:process_memory_win.cc(73)] ReadMemory at 0x211fc770720 of 64 bytes failed: Only part of a ReadProcessMemory or WriteProcessMemory request was completed. (0x12B)
[1126/203226.907:ERROR:process_memory_win.cc(73)] ReadMemory at 0x211fc770950 of 66 bytes failed: Only part of a ReadProcessMemory or WriteProcessMemory request was completed. (0x12B)
[1126/203226.907:ERROR:process_memory_win.cc(73)] ReadMemory at 0x211fc7709a0 of 62 bytes failed: Only part of a ReadProcessMemory or WriteProcessMemory request was completed. (0x12B)
[1126/203226.907:ERROR:process_memory_win.cc(73)] ReadMemory at 0x211fc770ef0 of 60 bytes failed: Only part of a ReadProcessMemory or WriteProcessMemory request was completed. (0x12B)
[1126/203226.907:ERROR:process_memory_win.cc(73)] ReadMemory at 0x211fc770f90 of 58 bytes failed: Only part of a ReadProcessMemory or WriteProcessMemory request was completed. (0x12B)
[1126/203226.908:ERROR:process_memory_win.cc(73)] ReadMemory at 0x211fc770fe0 of 62 bytes failed: Only part of a ReadProcessMemory or WriteProcessMemory request was completed. (0x12B)
[1126/203226.908:ERROR:process_memory_win.cc(73)] ReadMemory at 0x211fc771030 of 60 bytes failed: Only part of a ReadProcessMemory or WriteProcessMemory request was completed. (0x12B)
[1126/203226.908:ERROR:process_memory_win.cc(73)] ReadMemory at 0x211fc771080 of 62 bytes failed: Only part of a ReadProcessMemory or WriteProcessMemory request was completed. (0x12B)
[1126/203226.908:ERROR:process_memory_win.cc(73)] ReadMemory at 0x211fc771210 of 64 bytes failed: Only part of a ReadProcessMemory or WriteProcessMemory request was completed. (0x12B)
[1126/203226.908:ERROR:process_memory_win.cc(73)] ReadMemory at 0x211fc7712b0 of 62 bytes failed: Only part of a ReadProcessMemory or WriteProcessMemory request was completed. (0x12B)
[1126/203226.908:ERROR:process_memory_win.cc(73)] ReadMemory at 0x211fc788df0 of 64 bytes failed: Only part of a ReadProcessMemory or WriteProcessMemory request was completed. (0x12B)
[1126/203226.909:ERROR:process_memory_win.cc(73)] ReadMemory at 0x211fc789250 of 62 bytes failed: Only part of a ReadProcessMemory or WriteProcessMemory request was completed. (0x12B)
[1126/203226.909:ERROR:process_memory_win.cc(73)] ReadMemory at 0x211fc7892f0 of 66 bytes failed: Only part of a ReadProcessMemory or WriteProcessMemory request was completed. (0x12B)
[1126/203226.909:ERROR:process_memory_win.cc(73)] ReadMemory at 0x211fc789340 of 58 bytes failed: Only part of a ReadProcessMemory or WriteProcessMemory request was completed. (0x12B)
[1126/203226.909:ERROR:process_memory_win.cc(73)] ReadMemory at 0x211fc7899d0 of 62 bytes failed: Only part of a ReadProcessMemory or WriteProcessMemory request was completed. (0x12B)
[1126/203226.909:ERROR:process_memory_win.cc(73)] ReadMemory at 0x211fc789a20 of 60 bytes failed: Only part of a ReadProcessMemory or WriteProcessMemory request was completed. (0x12B)
[1126/203226.909:ERROR:process_memory_win.cc(73)] ReadMemory at 0x211fc78a2b0 of 76 bytes failed: Only part of a ReadProcessMemory or WriteProcessMemory request was completed. (0x12B)
[1126/203226.909:ERROR:process_memory_win.cc(73)] ReadMemory at 0x211fc78abb0 of 72 bytes failed: Only part of a ReadProcessMemory or WriteProcessMemory request was completed. (0x12B)
[1126/203226.910:ERROR:process_memory_win.cc(73)] ReadMemory at 0x211fc7904a8 of 512 bytes failed: Only part of a ReadProcessMemory or WriteProcessMemory request was completed. (0x12B)
[1126/203226.910:ERROR:process_memory_win.cc(73)] ReadMemory at 0x211fc791bf0 of 512 bytes failed: Only part of a ReadProcessMemory or WriteProcessMemory request was completed. (0x12B)
[1126/203226.910:ERROR:process_memory_win.cc(73)] ReadMemory at 0x211fc7990b0 of 62 bytes failed: Only part of a ReadProcessMemory or WriteProcessMemory request was completed. (0x12B)
[1126/203226.910:ERROR:process_memory_win.cc(73)] ReadMemory at 0x211fc799470 of 56 bytes failed: Only part of a ReadProcessMemory or WriteProcessMemory request was completed. (0x12B)
[1126/203226.910:ERROR:process_memory_win.cc(73)] ReadMemory at 0x211fc7996f0 of 60 bytes failed: Only part of a ReadProcessMemory or WriteProcessMemory request was completed. (0x12B)
[1126/203226.910:ERROR:process_memory_win.cc(73)] ReadMemory at 0x211fc79ade8 of 512 bytes failed: Only part of a ReadProcessMemory or WriteProcessMemory request was completed. (0x12B)
[1126/203226.910:ERROR:process_memory_win.cc(73)] ReadMemory at 0x211fc79b770 of 512 bytes failed: Only part of a ReadProcessMemory or WriteProcessMemory request was completed. (0x12B)
[1126/203226.911:ERROR:process_memory_win.cc(73)] ReadMemory at 0x211fc79baf0 of 512 bytes failed: Only part of a ReadProcessMemory or WriteProcessMemory request was completed. (0x12B)
[1126/203226.911:ERROR:process_memory_win.cc(73)] ReadMemory at 0x211fc79d280 of 70 bytes failed: Only part of a ReadProcessMemory or WriteProcessMemory request was completed. (0x12B)
[1126/203226.911:ERROR:process_memory_win.cc(73)] ReadMemory at 0x211fc79d2d0 of 58 bytes failed: Only part of a ReadProcessMemory or WriteProcessMemory request was completed. (0x12B)
[1126/203226.911:ERROR:process_memory_win.cc(73)] ReadMemory at 0x211fc79d460 of 62 bytes failed: Only part of a ReadProcessMemory or WriteProcessMemory request was completed. (0x12B)
[1126/203226.919:ERROR:process_memory_win.cc(73)] ReadMemory at 0x211fc79d5a0 of 62 bytes failed: Only part of a ReadProcessMemory or WriteProcessMemory request was completed. (0x12B)
[1126/203226.919:ERROR:process_memory_win.cc(73)] ReadMemory at 0x211fc79e190 of 1152 bytes failed: Only part of a ReadProcessMemory or WriteProcessMemory request was completed. (0x12B)
[1126/203226.919:ERROR:process_memory_win.cc(73)] ReadMemory at 0x211fc7a0d30 of 138 bytes failed: Only part of a ReadProcessMemory or WriteProcessMemory request was completed. (0x12B)
[1126/203226.919:ERROR:process_memory_win.cc(73)] ReadMemory at 0x211fc7a16d0 of 132 bytes failed: Only part of a ReadProcessMemory or WriteProcessMemory request was completed. (0x12B)
[1126/203226.919:ERROR:process_memory_win.cc(73)] ReadMemory at 0x211fc7a5b90 of 52 bytes failed: Only part of a ReadProcessMemory or WriteProcessMemory request was completed. (0x12B)
[1126/203226.937:ERROR:process_memory_win.cc(73)] ReadMemory at 0x211fc7a9e40 of 60 bytes failed: Only part of a ReadProcessMemory or WriteProcessMemory request was completed. (0x12B)
[1126/203226.938:ERROR:process_memory_win.cc(73)] ReadMemory at 0x211fc7ac530 of 512 bytes failed: Only part of a ReadProcessMemory or WriteProcessMemory request was completed. (0x12B)
[1126/203226.938:ERROR:process_memory_win.cc(73)] ReadMemory at 0x211fc7ad590 of 112 bytes failed: Only part of a ReadProcessMemory or WriteProcessMemory request was completed. (0x12B)
[1126/203226.938:ERROR:process_memory_win.cc(73)] ReadMemory at 0x211fc7c9270 of 132 bytes failed: Only part of a ReadProcessMemory or WriteProcessMemory request was completed. (0x12B)
[1126/203226.938:ERROR:process_memory_win.cc(73)] ReadMemory at 0x211fc7c9810 of 132 bytes failed: Only part of a ReadProcessMemory or WriteProcessMemory request was completed. (0x12B)
[1126/203226.938:ERROR:process_memory_win.cc(73)] ReadMemory at 0x211fc7c9a50 of 132 bytes failed: Only part of a ReadProcessMemory or WriteProcessMemory request was completed. (0x12B)
[1126/203226.938:ERROR:process_memory_win.cc(73)] ReadMemory at 0x211fc7c9b70 of 132 bytes failed: Only part of a ReadProcessMemory or WriteProcessMemory request was completed. (0x12B)
[1126/203226.939:ERROR:process_memory_win.cc(73)] ReadMemory at 0x211fc7c9c90 of 132 bytes failed: Only part of a ReadProcessMemory or WriteProcessMemory request was completed. (0x12B)
[1126/203226.941:ERROR:process_memory_win.cc(73)] ReadMemory at 0x211fc7c9ed0 of 132 bytes failed: Only part of a ReadProcessMemory or WriteProcessMemory request was completed. (0x12B)
[1126/203226.942:ERROR:process_memory_win.cc(73)] ReadMemory at 0x211fc7ca350 of 132 bytes failed: Only part of a ReadProcessMemory or WriteProcessMemory request was completed. (0x12B)
[1126/203226.942:ERROR:process_memory_win.cc(73)] ReadMemory at 0x211fc7ca6b0 of 132 bytes failed: Only part of a ReadProcessMemory or WriteProcessMemory request was completed. (0x12B)
[1126/203226.942:ERROR:process_memory_win.cc(73)] ReadMemory at 0x211fc7ca7d0 of 132 bytes failed: Only part of a ReadProcessMemory or WriteProcessMemory request was completed. (0x12B)
[1126/203226.942:ERROR:process_memory_win.cc(73)] ReadMemory at 0x211fc7cab30 of 132 bytes failed: Only part of a ReadProcessMemory or WriteProcessMemory request was completed. (0x12B)
[1126/203226.942:ERROR:process_memory_win.cc(73)] ReadMemory at 0x211fc7cac50 of 132 bytes failed: Only part of a ReadProcessMemory or WriteProcessMemory request was completed. (0x12B)
[1126/203226.942:ERROR:process_memory_win.cc(73)] ReadMemory at 0x211fc7cae90 of 132 bytes failed: Only part of a ReadProcessMemory or WriteProcessMemory request was completed. (0x12B)
[1126/203226.943:ERROR:process_memory_win.cc(73)] ReadMemory at 0x211fc7ce9b0 of 58 bytes failed: Only part of a ReadProcessMemory or WriteProcessMemory request was completed. (0x12B)
[1126/203226.943:ERROR:process_memory_win.cc(73)] ReadMemory at 0x211fc7cea50 of 64 bytes failed: Only part of a ReadProcessMemory or WriteProcessMemory request was completed. (0x12B)
[1126/203226.943:ERROR:process_memory_win.cc(73)] ReadMemory at 0x211fc7ced20 of 58 bytes failed: Only part of a ReadProcessMemory or WriteProcessMemory request was completed. (0x12B)
[1126/203226.943:ERROR:process_memory_win.cc(73)] ReadMemory at 0x211fc7cf400 of 60 bytes failed: Only part of a ReadProcessMemory or WriteProcessMemory request was completed. (0x12B)
[1126/203226.943:ERROR:process_memory_win.cc(73)] ReadMemory at 0x211fc7cf4f0 of 60 bytes failed: Only part of a ReadProcessMemory or WriteProcessMemory request was completed. (0x12B)
[1126/203226.943:ERROR:process_memory_win.cc(73)] ReadMemory at 0x211fc7cf7c0 of 70 bytes failed: Only part of a ReadProcessMemory or WriteProcessMemory request was completed. (0x12B)
[1126/203226.943:ERROR:process_memory_win.cc(73)] ReadMemory at 0x211fc832360 of 66 bytes failed: Only part of a ReadProcessMemory or WriteProcessMemory request was completed. (0x12B)
[1126/203226.943:ERROR:process_memory_win.cc(73)] ReadMemory at 0x211fc833ad0 of 512 bytes failed: Only part of a ReadProcessMemory or WriteProcessMemory request was completed. (0x12B)
[1126/203226.944:ERROR:process_memory_win.cc(73)] ReadMemory at 0x211fc847470 of 70 bytes failed: Only part of a ReadProcessMemory or WriteProcessMemory request was completed. (0x12B)
[1126/203226.944:ERROR:process_memory_win.cc(73)] ReadMemory at 0x211fc8476a0 of 64 bytes failed: Only part of a ReadProcessMemory or WriteProcessMemory request was completed. (0x12B)
[1126/203226.945:ERROR:process_memory_win.cc(73)] ReadMemory at 0x211fc84de90 of 512 bytes failed: Only part of a ReadProcessMemory or WriteProcessMemory request was completed. (0x12B)
[1126/203226.945:ERROR:process_memory_win.cc(73)] ReadMemory at 0x211fcbe6f80 of 532 bytes failed: Only part of a ReadProcessMemory or WriteProcessMemory request was completed. (0x12B)
[1126/203226.945:ERROR:process_memory_win.cc(73)] ReadMemory at 0x7ffe44305820 of 512 bytes failed: Only part of a ReadProcessMemory or WriteProcessMemory request was completed. (0x12B)
[1126/203226.964:ERROR:process_memory_win.cc(73)] ReadMemory at 0x7ffe4452b830 of 512 bytes failed: Only part of a ReadProcessMemory or WriteProcessMemory request was completed. (0x12B)
[1126/203226.964:ERROR:process_memory_win.cc(73)] ReadMemory at 0x7ffe4452baa8 of 512 bytes failed: Only part of a ReadProcessMemory or WriteProcessMemory request was completed. (0x12B)
[1126/203226.970:ERROR:process_memory_win.cc(73)] ReadMemory at 0x7ffe4f3bc181 of 512 bytes failed: Only part of a ReadProcessMemory or WriteProcessMemory request was completed. (0x12B)
[1126/203226.970:ERROR:process_memory_win.cc(73)] ReadMemory at 0x7ffe54b4e620 of 512 bytes failed: Only part of a ReadProcessMemory or WriteProcessMemory request was completed. (0x12B)
[1126/203226.996:ERROR:file_io_win.cc(162)] CreateFile C:\Users\Deniss\AppData\Local\Temp\scoped_dir7672_1870635398\Crashpad\settings.dat: The system cannot find the file specified. (0x2)
[1126/203226.995:ERROR:scoped_process_suspend.cc(40)] NtResumeProcess: An attempt was made to access an exiting process. (0xc000010a)
